Performing C SOURCE FILE Test CMAKE_HAVE_LIBC_PTHREAD failed with the following output:
Change Dir: /home/youngsangcho/ISCC_2023/build/CMakeFiles/CMakeTmp

Run Build Command(s):/usr/bin/make cmTC_06233/fast && /usr/bin/make -f CMakeFiles/cmTC_06233.dir/build.make CMakeFiles/cmTC_06233.dir/build
make[1]: Entering directory '/home/youngsangcho/ISCC_2023/build/CMakeFiles/CMakeTmp'
Building C object CMakeFiles/cmTC_06233.dir/src.c.o
/usr/bin/cc   -DCMAKE_HAVE_LIBC_PTHREAD   -o CMakeFiles/cmTC_06233.dir/src.c.o   -c /home/youngsangcho/ISCC_2023/build/CMakeFiles/CMakeTmp/src.c
Linking C executable cmTC_06233
/usr/bin/cmake -E cmake_link_script CMakeFiles/cmTC_06233.dir/link.txt --verbose=1
/usr/bin/cc  -DCMAKE_HAVE_LIBC_PTHREAD    -rdynamic CMakeFiles/cmTC_06233.dir/src.c.o  -o cmTC_06233 
/usr/bin/ld: CMakeFiles/cmTC_06233.dir/src.c.o: in function `main':
src.c:(.text+0x46): undefined reference to `pthread_create'
/usr/bin/ld: src.c:(.text+0x52): undefined reference to `pthread_detach'
/usr/bin/ld: src.c:(.text+0x63): undefined reference to `pthread_join'
collect2: error: ld returned 1 exit status
make[1]: *** [CMakeFiles/cmTC_06233.dir/build.make:87: cmTC_06233] Error 1
make[1]: Leaving directory '/home/youngsangcho/ISCC_2023/build/CMakeFiles/CMakeTmp'
make: *** [Makefile:121: cmTC_06233/fast] Error 2


Source file was:
#include <pthread.h>

void* test_func(void* data)
{
  return data;
}

int main(void)
{
  pthread_t thread;
  pthread_create(&thread, NULL, test_func, NULL);
  pthread_detach(thread);
  pthread_join(thread, NULL);
  pthread_atfork(NULL, NULL, NULL);
  pthread_exit(NULL);

  return 0;
}

Determining if the function pthread_create exists in the pthreads failed with the following output:
Change Dir: /home/youngsangcho/ISCC_2023/build/CMakeFiles/CMakeTmp

Run Build Command(s):/usr/bin/make cmTC_23215/fast && /usr/bin/make -f CMakeFiles/cmTC_23215.dir/build.make CMakeFiles/cmTC_23215.dir/build
make[1]: Entering directory '/home/youngsangcho/ISCC_2023/build/CMakeFiles/CMakeTmp'
Building C object CMakeFiles/cmTC_23215.dir/CheckFunctionExists.c.o
/usr/bin/cc   -DCHECK_FUNCTION_EXISTS=pthread_create   -o CMakeFiles/cmTC_23215.dir/CheckFunctionExists.c.o   -c /usr/share/cmake-3.16/Modules/CheckFunctionExists.c
Linking C executable cmTC_23215
/usr/bin/cmake -E cmake_link_script CMakeFiles/cmTC_23215.dir/link.txt --verbose=1
/usr/bin/cc  -DCHECK_FUNCTION_EXISTS=pthread_create    -rdynamic CMakeFiles/cmTC_23215.dir/CheckFunctionExists.c.o  -o cmTC_23215  -lpthreads 
/usr/bin/ld: cannot find -lpthreads
collect2: error: ld returned 1 exit status
make[1]: *** [CMakeFiles/cmTC_23215.dir/build.make:87: cmTC_23215] Error 1
make[1]: Leaving directory '/home/youngsangcho/ISCC_2023/build/CMakeFiles/CMakeTmp'
make: *** [Makefile:121: cmTC_23215/fast] Error 2



Performing C SOURCE FILE Test CMAKE_HAVE_LIBC_PTHREAD failed with the following output:
Change Dir: /home/youngsangcho/ISCC_2023/build/CMakeFiles/CMakeTmp

Run Build Command(s):/usr/bin/make cmTC_9b29d/fast && /usr/bin/make -f CMakeFiles/cmTC_9b29d.dir/build.make CMakeFiles/cmTC_9b29d.dir/build
make[1]: Entering directory '/home/youngsangcho/ISCC_2023/build/CMakeFiles/CMakeTmp'
Building C object CMakeFiles/cmTC_9b29d.dir/src.c.o
/usr/bin/cc   -DCMAKE_HAVE_LIBC_PTHREAD   -o CMakeFiles/cmTC_9b29d.dir/src.c.o   -c /home/youngsangcho/ISCC_2023/build/CMakeFiles/CMakeTmp/src.c
Linking C executable cmTC_9b29d
/usr/bin/cmake -E cmake_link_script CMakeFiles/cmTC_9b29d.dir/link.txt --verbose=1
/usr/bin/cc  -DCMAKE_HAVE_LIBC_PTHREAD    -rdynamic CMakeFiles/cmTC_9b29d.dir/src.c.o  -o cmTC_9b29d 
/usr/bin/ld: CMakeFiles/cmTC_9b29d.dir/src.c.o: in function `main':
src.c:(.text+0x46): undefined reference to `pthread_create'
/usr/bin/ld: src.c:(.text+0x52): undefined reference to `pthread_detach'
/usr/bin/ld: src.c:(.text+0x63): undefined reference to `pthread_join'
collect2: error: ld returned 1 exit status
make[1]: *** [CMakeFiles/cmTC_9b29d.dir/build.make:87: cmTC_9b29d] Error 1
make[1]: Leaving directory '/home/youngsangcho/ISCC_2023/build/CMakeFiles/CMakeTmp'
make: *** [Makefile:121: cmTC_9b29d/fast] Error 2


Source file was:
#include <pthread.h>

void* test_func(void* data)
{
  return data;
}

int main(void)
{
  pthread_t thread;
  pthread_create(&thread, NULL, test_func, NULL);
  pthread_detach(thread);
  pthread_join(thread, NULL);
  pthread_atfork(NULL, NULL, NULL);
  pthread_exit(NULL);

  return 0;
}

Determining if the function pthread_create exists in the pthreads failed with the following output:
Change Dir: /home/youngsangcho/ISCC_2023/build/CMakeFiles/CMakeTmp

Run Build Command(s):/usr/bin/make cmTC_d0bbd/fast && /usr/bin/make -f CMakeFiles/cmTC_d0bbd.dir/build.make CMakeFiles/cmTC_d0bbd.dir/build
make[1]: Entering directory '/home/youngsangcho/ISCC_2023/build/CMakeFiles/CMakeTmp'
Building C object CMakeFiles/cmTC_d0bbd.dir/CheckFunctionExists.c.o
/usr/bin/cc   -DCHECK_FUNCTION_EXISTS=pthread_create   -o CMakeFiles/cmTC_d0bbd.dir/CheckFunctionExists.c.o   -c /usr/share/cmake-3.16/Modules/CheckFunctionExists.c
Linking C executable cmTC_d0bbd
/usr/bin/cmake -E cmake_link_script CMakeFiles/cmTC_d0bbd.dir/link.txt --verbose=1
/usr/bin/cc  -DCHECK_FUNCTION_EXISTS=pthread_create    -rdynamic CMakeFiles/cmTC_d0bbd.dir/CheckFunctionExists.c.o  -o cmTC_d0bbd  -lpthreads 
/usr/bin/ld: cannot find -lpthreads
collect2: error: ld returned 1 exit status
make[1]: *** [CMakeFiles/cmTC_d0bbd.dir/build.make:87: cmTC_d0bbd] Error 1
make[1]: Leaving directory '/home/youngsangcho/ISCC_2023/build/CMakeFiles/CMakeTmp'
make: *** [Makefile:121: cmTC_d0bbd/fast] Error 2



